<?xml version="1.0" encoding="UTF-8"?>
<!-- Generated by org.testng.reporters.JUnitXMLReporter -->
<testsuite ignored="0" hostname="JARVIS" failures="0" tests="3" name="Default test" time="14.111" errors="0" timestamp="2024-05-05T14:00:07 IST">
  <testcase classname="com.tutorialsninja.qa.testcases.Serarch" name="verifySearchWithValidProduct" time="0.806"/>
  <testcase classname="com.tutorialsninja.qa.testcases.Serarch" name="verifySearchWithInvalidProduct" time="0.624"/>
  <testcase classname="com.tutorialsninja.qa.testcases.Serarch" name="verifySearchWithoutProduct" time="0.388"/>
</testsuite> <!-- Default test -->
