<?xml version="1.0" encoding="UTF-8"?>
<testng-results ignored="0" total="12" passed="12" failed="0" skipped="0">
  <reporter-output>
  </reporter-output>
  <suite started-at="2024-05-05T14:10:04 IST" name="TutorialsNinja Automated Suit" finished-at="2024-05-05T14:11:11 IST" duration-ms="66768">
    <groups>
    </groups>
    <test started-at="2024-05-05T14:10:04 IST" name="Test" finished-at="2024-05-05T14:11:11 IST" duration-ms="66768">
      <class name="com.tutorialsninja.qa.testcases.Search">
        <test-method is-config="true" signature="setup()[pri:0, instance:com.tutorialsninja.qa.testcases.Search@7d0b7e3c]" started-at="2024-05-05T14:10:57 IST" name="setup" finished-at="2024-05-05T14:11:00 IST" duration-ms="3058" status="PASS">
          <reporter-output>
          </reporter-output>
        </test-method> <!-- setup -->
        <test-method signature="verifySearchWithValidProduct()[pri:1, instance:com.tutorialsninja.qa.testcases.Search@7d0b7e3c]" started-at="2024-05-05T14:11:00 IST" name="verifySearchWithValidProduct" finished-at="2024-05-05T14:11:01 IST" duration-ms="556" status="PASS">
          <reporter-output>
          </reporter-output>
        </test-method> <!-- verifySearchWithValidProduct -->
        <test-method is-config="true" signature="teardown()[pri:0, instance:com.tutorialsninja.qa.testcases.Search@7d0b7e3c]" started-at="2024-05-05T14:11:01 IST" name="teardown" finished-at="2024-05-05T14:11:01 IST" duration-ms="235" status="PASS">
          <reporter-output>
          </reporter-output>
        </test-method> <!-- teardown -->
        <test-method is-config="true" signature="setup()[pri:0, instance:com.tutorialsninja.qa.testcases.Search@7d0b7e3c]" started-at="2024-05-05T14:11:01 IST" name="setup" finished-at="2024-05-05T14:11:06 IST" duration-ms="5044" status="PASS">
          <reporter-output>
          </reporter-output>
        </test-method> <!-- setup -->
        <test-method signature="verifySearchWithInvalidProduct()[pri:2, instance:com.tutorialsninja.qa.testcases.Search@7d0b7e3c]" started-at="2024-05-05T14:11:06 IST" name="verifySearchWithInvalidProduct" finished-at="2024-05-05T14:11:06 IST" duration-ms="524" status="PASS">
          <reporter-output>
          </reporter-output>
        </test-method> <!-- verifySearchWithInvalidProduct -->
        <test-method is-config="true" signature="teardown()[pri:0, instance:com.tutorialsninja.qa.testcases.Search@7d0b7e3c]" started-at="2024-05-05T14:11:06 IST" name="teardown" finished-at="2024-05-05T14:11:07 IST" duration-ms="283" status="PASS">
          <reporter-output>
          </reporter-output>
        </test-method> <!-- teardown -->
        <test-method is-config="true" signature="setup()[pri:0, instance:com.tutorialsninja.qa.testcases.Search@7d0b7e3c]" started-at="2024-05-05T14:11:07 IST" name="setup" finished-at="2024-05-05T14:11:10 IST" duration-ms="3591" status="PASS">
          <reporter-output>
          </reporter-output>
        </test-method> <!-- setup -->
        <test-method signature="verifySearchWithoutProduct()[pri:3, instance:com.tutorialsninja.qa.testcases.Search@7d0b7e3c]" started-at="2024-05-05T14:11:10 IST" name="verifySearchWithoutProduct" finished-at="2024-05-05T14:11:11 IST" duration-ms="363" status="PASS">
          <reporter-output>
          </reporter-output>
        </test-method> <!-- verifySearchWithoutProduct -->
        <test-method is-config="true" signature="teardown()[pri:0, instance:com.tutorialsninja.qa.testcases.Search@7d0b7e3c]" started-at="2024-05-05T14:11:11 IST" name="teardown" finished-at="2024-05-05T14:11:11 IST" duration-ms="253" status="PASS">
          <reporter-output>
          </reporter-output>
        </test-method> <!-- teardown -->
      </class> <!-- com.tutorialsninja.qa.testcases.Search -->
      <class name="com.tutorialsninja.qa.testcases.Register">
        <test-method is-config="true" signature="setup()[pri:0, instance:com.tutorialsninja.qa.testcases.Register@3012646b]" started-at="2024-05-05T14:10:04 IST" name="setup" finished-at="2024-05-05T14:10:09 IST" duration-ms="5196" status="PASS">
          <reporter-output>
          </reporter-output>
        </test-method> <!-- setup -->
        <test-method signature="verifyRegisteringAccountWithMandatoryFields()[pri:1, instance:com.tutorialsninja.qa.testcases.Register@3012646b]" started-at="2024-05-05T14:10:09 IST" name="verifyRegisteringAccountWithMandatoryFields" finished-at="2024-05-05T14:10:11 IST" duration-ms="1856" status="PASS">
          <reporter-output>
          </reporter-output>
        </test-method> <!-- verifyRegisteringAccountWithMandatoryFields -->
        <test-method is-config="true" signature="teardown()[pri:0, instance:com.tutorialsninja.qa.testcases.Register@3012646b]" started-at="2024-05-05T14:10:11 IST" name="teardown" finished-at="2024-05-05T14:10:11 IST" duration-ms="277" status="PASS">
          <reporter-output>
          </reporter-output>
        </test-method> <!-- teardown -->
        <test-method is-config="true" signature="setup()[pri:0, instance:com.tutorialsninja.qa.testcases.Register@3012646b]" started-at="2024-05-05T14:10:11 IST" name="setup" finished-at="2024-05-05T14:10:16 IST" duration-ms="4443" status="PASS">
          <reporter-output>
          </reporter-output>
        </test-method> <!-- setup -->
        <test-method signature="verifyRegistrateringAccountWithAllFields()[pri:2, instance:com.tutorialsninja.qa.testcases.Register@3012646b]" started-at="2024-05-05T14:10:16 IST" name="verifyRegistrateringAccountWithAllFields" finished-at="2024-05-05T14:10:18 IST" duration-ms="2549" status="PASS">
          <reporter-output>
          </reporter-output>
        </test-method> <!-- verifyRegistrateringAccountWithAllFields -->
        <test-method is-config="true" signature="teardown()[pri:0, instance:com.tutorialsninja.qa.testcases.Register@3012646b]" started-at="2024-05-05T14:10:18 IST" name="teardown" finished-at="2024-05-05T14:10:19 IST" duration-ms="261" status="PASS">
          <reporter-output>
          </reporter-output>
        </test-method> <!-- teardown -->
        <test-method is-config="true" signature="setup()[pri:0, instance:com.tutorialsninja.qa.testcases.Register@3012646b]" started-at="2024-05-05T14:10:19 IST" name="setup" finished-at="2024-05-05T14:10:25 IST" duration-ms="6405" status="PASS">
          <reporter-output>
          </reporter-output>
        </test-method> <!-- setup -->
        <test-method signature="verifyRegistrationAccountWithExistingEmailAddress()[pri:3, instance:com.tutorialsninja.qa.testcases.Register@3012646b]" started-at="2024-05-05T14:10:25 IST" name="verifyRegistrationAccountWithExistingEmailAddress" finished-at="2024-05-05T14:10:27 IST" duration-ms="1520" status="PASS">
          <reporter-output>
          </reporter-output>
        </test-method> <!-- verifyRegistrationAccountWithExistingEmailAddress -->
        <test-method is-config="true" signature="teardown()[pri:0, instance:com.tutorialsninja.qa.testcases.Register@3012646b]" started-at="2024-05-05T14:10:27 IST" name="teardown" finished-at="2024-05-05T14:10:27 IST" duration-ms="290" status="PASS">
          <reporter-output>
          </reporter-output>
        </test-method> <!-- teardown -->
        <test-method is-config="true" signature="setup()[pri:0, instance:com.tutorialsninja.qa.testcases.Register@3012646b]" started-at="2024-05-05T14:10:27 IST" name="setup" finished-at="2024-05-05T14:10:31 IST" duration-ms="4025" status="PASS">
          <reporter-output>
          </reporter-output>
        </test-method> <!-- setup -->
        <test-method signature="verifyRegisterationWithoutFillingAnyData()[pri:4, instance:com.tutorialsninja.qa.testcases.Register@3012646b]" started-at="2024-05-05T14:10:31 IST" name="verifyRegisterationWithoutFillingAnyData" finished-at="2024-05-05T14:10:32 IST" duration-ms="674" status="PASS">
          <reporter-output>
          </reporter-output>
        </test-method> <!-- verifyRegisterationWithoutFillingAnyData -->
        <test-method is-config="true" signature="teardown()[pri:0, instance:com.tutorialsninja.qa.testcases.Register@3012646b]" started-at="2024-05-05T14:10:32 IST" name="teardown" finished-at="2024-05-05T14:10:32 IST" duration-ms="285" status="PASS">
          <reporter-output>
          </reporter-output>
        </test-method> <!-- teardown -->
      </class> <!-- com.tutorialsninja.qa.testcases.Register -->
      <class name="com.tutorialsninja.qa.testcases.Login">
        <test-method is-config="true" signature="setup()[pri:0, instance:com.tutorialsninja.qa.testcases.Login@6e9175d8]" started-at="2024-05-05T14:10:32 IST" name="setup" finished-at="2024-05-05T14:10:36 IST" duration-ms="4056" status="PASS">
          <reporter-output>
          </reporter-output>
        </test-method> <!-- setup -->
        <test-method signature="verifyLoginWithInvalidCredentials()[pri:1, instance:com.tutorialsninja.qa.testcases.Login@6e9175d8]" started-at="2024-05-05T14:10:36 IST" name="verifyLoginWithInvalidCredentials" finished-at="2024-05-05T14:10:37 IST" duration-ms="757" status="PASS">
          <reporter-output>
          </reporter-output>
        </test-method> <!-- verifyLoginWithInvalidCredentials -->
        <test-method is-config="true" signature="tearDown()[pri:0, instance:com.tutorialsninja.qa.testcases.Login@6e9175d8]" started-at="2024-05-05T14:10:37 IST" name="tearDown" finished-at="2024-05-05T14:10:37 IST" duration-ms="282" status="PASS">
          <reporter-output>
          </reporter-output>
        </test-method> <!-- tearDown -->
        <test-method is-config="true" signature="setup()[pri:0, instance:com.tutorialsninja.qa.testcases.Login@6e9175d8]" started-at="2024-05-05T14:10:37 IST" name="setup" finished-at="2024-05-05T14:10:41 IST" duration-ms="3778" status="PASS">
          <reporter-output>
          </reporter-output>
        </test-method> <!-- setup -->
        <test-method signature="verifyLoginWithValidCredentials()[pri:2, instance:com.tutorialsninja.qa.testcases.Login@6e9175d8]" started-at="2024-05-05T14:10:41 IST" name="verifyLoginWithValidCredentials" finished-at="2024-05-05T14:10:42 IST" duration-ms="1082" status="PASS">
          <reporter-output>
          </reporter-output>
        </test-method> <!-- verifyLoginWithValidCredentials -->
        <test-method is-config="true" signature="tearDown()[pri:0, instance:com.tutorialsninja.qa.testcases.Login@6e9175d8]" started-at="2024-05-05T14:10:42 IST" name="tearDown" finished-at="2024-05-05T14:10:42 IST" duration-ms="289" status="PASS">
          <reporter-output>
          </reporter-output>
        </test-method> <!-- tearDown -->
        <test-method is-config="true" signature="setup()[pri:0, instance:com.tutorialsninja.qa.testcases.Login@6e9175d8]" started-at="2024-05-05T14:10:42 IST" name="setup" finished-at="2024-05-05T14:10:46 IST" duration-ms="4279" status="PASS">
          <reporter-output>
          </reporter-output>
        </test-method> <!-- setup -->
        <test-method signature="verifyLoginWithValidEmailInvalidPassword()[pri:3, instance:com.tutorialsninja.qa.testcases.Login@6e9175d8]" started-at="2024-05-05T14:10:46 IST" name="verifyLoginWithValidEmailInvalidPassword" finished-at="2024-05-05T14:10:47 IST" duration-ms="755" status="PASS">
          <reporter-output>
          </reporter-output>
        </test-method> <!-- verifyLoginWithValidEmailInvalidPassword -->
        <test-method is-config="true" signature="tearDown()[pri:0, instance:com.tutorialsninja.qa.testcases.Login@6e9175d8]" started-at="2024-05-05T14:10:47 IST" name="tearDown" finished-at="2024-05-05T14:10:47 IST" duration-ms="287" status="PASS">
          <reporter-output>
          </reporter-output>
        </test-method> <!-- tearDown -->
        <test-method is-config="true" signature="setup()[pri:0, instance:com.tutorialsninja.qa.testcases.Login@6e9175d8]" started-at="2024-05-05T14:10:47 IST" name="setup" finished-at="2024-05-05T14:10:52 IST" duration-ms="4050" status="PASS">
          <reporter-output>
          </reporter-output>
        </test-method> <!-- setup -->
        <test-method signature="verifyLoginWithInvalidEmailvalidPassword()[pri:4, instance:com.tutorialsninja.qa.testcases.Login@6e9175d8]" started-at="2024-05-05T14:10:52 IST" name="verifyLoginWithInvalidEmailvalidPassword" finished-at="2024-05-05T14:10:52 IST" duration-ms="743" status="PASS">
          <reporter-output>
          </reporter-output>
        </test-method> <!-- verifyLoginWithInvalidEmailvalidPassword -->
        <test-method is-config="true" signature="tearDown()[pri:0, instance:com.tutorialsninja.qa.testcases.Login@6e9175d8]" started-at="2024-05-05T14:10:52 IST" name="tearDown" finished-at="2024-05-05T14:10:53 IST" duration-ms="280" status="PASS">
          <reporter-output>
          </reporter-output>
        </test-method> <!-- tearDown -->
        <test-method is-config="true" signature="setup()[pri:0, instance:com.tutorialsninja.qa.testcases.Login@6e9175d8]" started-at="2024-05-05T14:10:53 IST" name="setup" finished-at="2024-05-05T14:10:56 IST" duration-ms="3583" status="PASS">
          <reporter-output>
          </reporter-output>
        </test-method> <!-- setup -->
        <test-method signature="verifyLoginWithoutCredentials()[pri:5, instance:com.tutorialsninja.qa.testcases.Login@6e9175d8]" started-at="2024-05-05T14:10:56 IST" name="verifyLoginWithoutCredentials" finished-at="2024-05-05T14:10:57 IST" duration-ms="514" status="PASS">
          <reporter-output>
          </reporter-output>
        </test-method> <!-- verifyLoginWithoutCredentials -->
        <test-method is-config="true" signature="tearDown()[pri:0, instance:com.tutorialsninja.qa.testcases.Login@6e9175d8]" started-at="2024-05-05T14:10:57 IST" name="tearDown" finished-at="2024-05-05T14:10:57 IST" duration-ms="246" status="PASS">
          <reporter-output>
          </reporter-output>
        </test-method> <!-- tearDown -->
      </class> <!-- com.tutorialsninja.qa.testcases.Login -->
    </test> <!-- Test -->
  </suite> <!-- TutorialsNinja Automated Suit -->
</testng-results>
