<?xml version="1.0" encoding="UTF-8"?>
<testng-results ignored="0" total="5" passed="5" failed="0" skipped="0">
  <reporter-output>
  </reporter-output>
  <suite started-at="2024-05-09T20:18:06 IST" name="Default suite" finished-at="2024-05-09T20:18:56 IST" duration-ms="49182">
    <groups>
    </groups>
    <test started-at="2024-05-09T20:18:06 IST" name="Default test" finished-at="2024-05-09T20:18:56 IST" duration-ms="49182">
      <class name="com.tutorialsninja.qa.testcases.Login">
        <test-method is-config="true" signature="setup()[pri:0, instance:com.tutorialsninja.qa.testcases.Login@5e600dd5]" started-at="2024-05-09T20:18:06 IST" name="setup" finished-at="2024-05-09T20:18:16 IST" duration-ms="9815" status="PASS">
          <reporter-output>
          </reporter-output>
        </test-method> <!-- setup -->
        <test-method signature="verifyLoginWithInvalidCredentials()[pri:1, instance:com.tutorialsninja.qa.testcases.Login@5e600dd5]" started-at="2024-05-09T20:18:16 IST" name="verifyLoginWithInvalidCredentials" finished-at="2024-05-09T20:18:17 IST" duration-ms="1070" status="PASS">
          <reporter-output>
          </reporter-output>
        </test-method> <!-- verifyLoginWithInvalidCredentials -->
        <test-method is-config="true" signature="tearDown()[pri:0, instance:com.tutorialsninja.qa.testcases.Login@5e600dd5]" started-at="2024-05-09T20:18:17 IST" name="tearDown" finished-at="2024-05-09T20:18:18 IST" duration-ms="272" status="PASS">
          <reporter-output>
          </reporter-output>
        </test-method> <!-- tearDown -->
        <test-method is-config="true" signature="setup()[pri:0, instance:com.tutorialsninja.qa.testcases.Login@5e600dd5]" started-at="2024-05-09T20:18:18 IST" name="setup" finished-at="2024-05-09T20:18:23 IST" duration-ms="5863" status="PASS">
          <reporter-output>
          </reporter-output>
        </test-method> <!-- setup -->
        <test-method signature="verifyLoginWithValidCredentials()[pri:2, instance:com.tutorialsninja.qa.testcases.Login@5e600dd5]" started-at="2024-05-09T20:18:23 IST" name="verifyLoginWithValidCredentials" finished-at="2024-05-09T20:18:25 IST" duration-ms="1340" status="PASS">
          <reporter-output>
          </reporter-output>
        </test-method> <!-- verifyLoginWithValidCredentials -->
        <test-method is-config="true" signature="tearDown()[pri:0, instance:com.tutorialsninja.qa.testcases.Login@5e600dd5]" started-at="2024-05-09T20:18:25 IST" name="tearDown" finished-at="2024-05-09T20:18:25 IST" duration-ms="225" status="PASS">
          <reporter-output>
          </reporter-output>
        </test-method> <!-- tearDown -->
        <test-method is-config="true" signature="setup()[pri:0, instance:com.tutorialsninja.qa.testcases.Login@5e600dd5]" started-at="2024-05-09T20:18:25 IST" name="setup" finished-at="2024-05-09T20:18:31 IST" duration-ms="6401" status="PASS">
          <reporter-output>
          </reporter-output>
        </test-method> <!-- setup -->
        <test-method signature="verifyLoginWithValidEmailInvalidPassword()[pri:3, instance:com.tutorialsninja.qa.testcases.Login@5e600dd5]" started-at="2024-05-09T20:18:31 IST" name="verifyLoginWithValidEmailInvalidPassword" finished-at="2024-05-09T20:18:32 IST" duration-ms="1029" status="PASS">
          <reporter-output>
          </reporter-output>
        </test-method> <!-- verifyLoginWithValidEmailInvalidPassword -->
        <test-method is-config="true" signature="tearDown()[pri:0, instance:com.tutorialsninja.qa.testcases.Login@5e600dd5]" started-at="2024-05-09T20:18:32 IST" name="tearDown" finished-at="2024-05-09T20:18:33 IST" duration-ms="253" status="PASS">
          <reporter-output>
          </reporter-output>
        </test-method> <!-- tearDown -->
        <test-method is-config="true" signature="setup()[pri:0, instance:com.tutorialsninja.qa.testcases.Login@5e600dd5]" started-at="2024-05-09T20:18:33 IST" name="setup" finished-at="2024-05-09T20:18:41 IST" duration-ms="7875" status="PASS">
          <reporter-output>
          </reporter-output>
        </test-method> <!-- setup -->
        <test-method signature="verifyLoginWithInvalidEmailvalidPassword()[pri:4, instance:com.tutorialsninja.qa.testcases.Login@5e600dd5]" started-at="2024-05-09T20:18:41 IST" name="verifyLoginWithInvalidEmailvalidPassword" finished-at="2024-05-09T20:18:42 IST" duration-ms="991" status="PASS">
          <reporter-output>
          </reporter-output>
        </test-method> <!-- verifyLoginWithInvalidEmailvalidPassword -->
        <test-method is-config="true" signature="tearDown()[pri:0, instance:com.tutorialsninja.qa.testcases.Login@5e600dd5]" started-at="2024-05-09T20:18:42 IST" name="tearDown" finished-at="2024-05-09T20:18:42 IST" duration-ms="223" status="PASS">
          <reporter-output>
          </reporter-output>
        </test-method> <!-- tearDown -->
        <test-method is-config="true" signature="setup()[pri:0, instance:com.tutorialsninja.qa.testcases.Login@5e600dd5]" started-at="2024-05-09T20:18:42 IST" name="setup" finished-at="2024-05-09T20:18:54 IST" duration-ms="12629" status="PASS">
          <reporter-output>
          </reporter-output>
        </test-method> <!-- setup -->
        <test-method signature="verifyLoginWithoutCredentials()[pri:5, instance:com.tutorialsninja.qa.testcases.Login@5e600dd5]" started-at="2024-05-09T20:18:54 IST" name="verifyLoginWithoutCredentials" finished-at="2024-05-09T20:18:55 IST" duration-ms="857" status="PASS">
          <reporter-output>
          </reporter-output>
        </test-method> <!-- verifyLoginWithoutCredentials -->
        <test-method is-config="true" signature="tearDown()[pri:0, instance:com.tutorialsninja.qa.testcases.Login@5e600dd5]" started-at="2024-05-09T20:18:55 IST" name="tearDown" finished-at="2024-05-09T20:18:56 IST" duration-ms="268" status="PASS">
          <reporter-output>
          </reporter-output>
        </test-method> <!-- tearDown -->
      </class> <!-- com.tutorialsninja.qa.testcases.Login -->
    </test> <!-- Default test -->
  </suite> <!-- Default suite -->
</testng-results>
