<?xml version="1.0" encoding="UTF-8"?>
<!-- Generated by org.testng.reporters.JUnitXMLReporter -->
<testsuite ignored="0" hostname="JARVIS" failures="0" tests="12" name="Test" time="66.768" errors="0" timestamp="2024-05-05T14:11:11 IST">
  <testcase classname="com.tutorialsninja.qa.testcases.Register" name="verifyRegisteringAccountWithMandatoryFields" time="1.856"/>
  <testcase classname="com.tutorialsninja.qa.testcases.Register" name="verifyRegistrateringAccountWithAllFields" time="2.549"/>
  <testcase classname="com.tutorialsninja.qa.testcases.Register" name="verifyRegistrationAccountWithExistingEmailAddress" time="1.52"/>
  <testcase classname="com.tutorialsninja.qa.testcases.Register" name="verifyRegisterationWithoutFillingAnyData" time="0.674"/>
  <testcase classname="com.tutorialsninja.qa.testcases.Login" name="verifyLoginWithInvalidCredentials" time="0.757"/>
  <testcase classname="com.tutorialsninja.qa.testcases.Login" name="verifyLoginWithValidCredentials" time="1.082"/>
  <testcase classname="com.tutorialsninja.qa.testcases.Login" name="verifyLoginWithValidEmailInvalidPassword" time="0.755"/>
  <testcase classname="com.tutorialsninja.qa.testcases.Login" name="verifyLoginWithInvalidEmailvalidPassword" time="0.743"/>
  <testcase classname="com.tutorialsninja.qa.testcases.Login" name="verifyLoginWithoutCredentials" time="0.514"/>
  <testcase classname="com.tutorialsninja.qa.testcases.Search" name="verifySearchWithValidProduct" time="0.556"/>
  <testcase classname="com.tutorialsninja.qa.testcases.Search" name="verifySearchWithInvalidProduct" time="0.524"/>
  <testcase classname="com.tutorialsninja.qa.testcases.Search" name="verifySearchWithoutProduct" time="0.363"/>
</testsuite> <!-- Test -->
