<?xml version="1.0" encoding="UTF-8"?>
<!-- Generated by org.testng.reporters.JUnitXMLReporter -->
<testsuite ignored="0" hostname="JARVIS" failures="0" tests="12" name="TutorilsNinja TestCases" time="59.124" errors="0" timestamp="2024-05-08T16:49:37 IST">
  <testcase classname="com.tutorialsninja.qa.testcases.Register" name="verifyRegisteringAccountWithMandatoryFields" time="1.165"/>
  <testcase classname="com.tutorialsninja.qa.testcases.Register" name="verifyRegistrateringAccountWithAllFields" time="1.179"/>
  <testcase classname="com.tutorialsninja.qa.testcases.Register" name="verifyRegistrationAccountWithExistingEmailAddress" time="1.023"/>
  <testcase classname="com.tutorialsninja.qa.testcases.Register" name="verifyRegisterationWithoutFillingAnyData" time="0.494"/>
  <testcase classname="com.tutorialsninja.qa.testcases.Login" name="verifyLoginWithInvalidCredentials" time="0.98"/>
  <testcase classname="com.tutorialsninja.qa.testcases.Login" name="verifyLoginWithValidCredentials" time="0.819"/>
  <testcase classname="com.tutorialsninja.qa.testcases.Login" name="verifyLoginWithValidEmailInvalidPassword" time="0.835"/>
  <testcase classname="com.tutorialsninja.qa.testcases.Login" name="verifyLoginWithInvalidEmailvalidPassword" time="0.628"/>
  <testcase classname="com.tutorialsninja.qa.testcases.Login" name="verifyLoginWithoutCredentials" time="0.432"/>
  <testcase classname="com.tutorialsninja.qa.testcases.Search" name="verifySearchWithValidProduct" time="0.526"/>
  <testcase classname="com.tutorialsninja.qa.testcases.Search" name="verifySearchWithInvalidProduct" time="0.43"/>
  <testcase classname="com.tutorialsninja.qa.testcases.Search" name="verifySearchWithoutProduct" time="0.321"/>
</testsuite> <!-- TutorilsNinja TestCases -->
